     1                                 %line 1+1 asmincr.asm
     2                                 [section .bss]
     3                                 
     4 00000000 <gap>                  outputString resb 100
     5                                 
     6                                 [section .data]
     7                                 
     8                                 SYS_exit equ 60
     9                                 EXIT_SUCCESS equ 0
    10                                 limit equ 1000000000
    11                                 
    12 00000000 30                     zeroChar db '0'
    13 00000001 31                     oneChar db '1'
    14                                 
    15                                 [section .text]
    16                                 [global _start]
    17                                 _start:
    18 00000000 41B800CA9A3B            mov r8d, limit
    19 00000006 41B900000000            mov r9d, 0
    20                                 startLoop:
    21 0000000C 4539C1                  cmp r9d, r8d
    22 0000000F 7D0C                    jge printX
    23 00000011 4183C101                add r9d, 1
    24 00000015 EBF3                    jmp startLoop
    25                                 
    26                                 printOne:
    27 00000017 6741C64500[00]          mov byte [r13d], oneChar
    28 0000001D EB1F                    jmp printOneReturn
    29                                 
    30                                 printX:
    31 0000001F 41BC01000000            mov r12d, 1
    32 00000025 41BD[00000000]          mov r13d, outputString
    33 0000002B 4589CA                  mov r10d, r9d
    34                                 printXloop:
    35 0000002E 4589D3                  mov r11d, r10d
    36 00000031 4183E301                and r11d, 1
    37 00000035 4539E3                  cmp r11d, r12d
    38 00000038 74DB                    je printOne
    39 0000003A 6741C6450030            mov byte [r13d], '0'
    40                                 printOneReturn:
    41 00000040 B804000000              mov eax, 4
    42 00000045 CD80                    int 0x80
    43 00000047 41D1EA                  shr r10d, 1
    44 0000004A 7400                    je last
    45 0000004C EBDE                    jmp printXloop
    46                                 
    47                                 last:
    48 0000004E 48C7C03C000000          mov rax, SYS_exit
    49 00000055 48C7C700000000          mov rdi, EXIT_SUCCESS
    50 0000005C 0F05                    syscall
