     1                                 %line 1+1 2.asm
     2                                 [bits 64]
     3                                 
     4                                 [section .bss]
     5                                 
     6 00000000 <gap>                  bArr resb 100
     7 00000064 <gap>                  wArr resw 3000
     8 000017D4 <gap>                  dwArr resd 200
     9 00001AF4 <gap>                  qArr resq 5000
    10 0000B734 <gap>                  qRes resq 1
    11                                 
    12                                 [section .data]
    13                                 
    14                                 EXIT_SUCCESS equ 0
    15                                 SYS_exit equ 60
    16                                 
    17 00000000 0A                     bNum db 10
    18 00000001 3328                   wNum dw 10291
    19 00000003 BA702000               dwNum dd 2126010
    20 00000007 00E40B5402000000       qwNum dq 10000000000
    21                                 
    22                                 [section .text]
    23                                 [global _start]
    24                                 _start:
    25 00000000 488B0425[00000000]      mov rax, qword [qwNum]
    26 00000008 48030425[00000000]      add rax, qword [bNum]
    27 00000010 48890425[00000000]      mov qword [qRes], rax
    28 00000018 48C7C001000000          mov rax, 1
    29 0000001F 48C7C701000000          mov rdi, 1
    30 00000026 48BE42494E47205100-     mov rsi, "BING Q"
    31 00000026 00                 
    32 00000030 48C7C207000000          mov rdx, 7
    33 00000037 0F05                    syscall
    34                                 
    35                                 
    36                                 
    37                                 
    38                                 
    39                                 
    40                                 
    41                                 last:
    42 00000039 48C7C03C000000          mov rax, SYS_exit
    43 00000040 48C7C700000000          mov rdi, EXIT_SUCCESS
    44 00000047 0F05                    syscall
