     1                                 %line 1+1 4.asm
     2                                 [bits 64]
     3                                 
     4                                 [section .bss]
     5                                 
     6                                 [section .data]
     7                                 
     8                                 EXIT_SUCCESS equ 0
     9                                 SYS_exit equ 60
    10                                 
    11 00000000 F0DEBC9A78563412       qVal dq 0x123456789ABCDEF0
    12                                 
    13                                 [section .text]
    14                                 [global _start]
    15                                 _start:
    16 00000000 488B0425[00000000]      mov rax, [qVal]
    17                                 
    18                                 last:
    19 00000008 48C7C000000000          mov rax, EXIT_SUCCESS
    20 0000000F 48C7C73C000000          mov rdi, SYS_exit
    21 00000016 0F05                    syscall
    22                                 
