     1                                 %line 1+1 example.asm
     2                                 [section .data]
     3                                 
     4                                 EXIT_SUCCESS equ 0
     5                                 SYS_exit equ 60
     6                                 
     7 00000000 11                     bVar1 db 17
     8 00000001 09                     bVar2 db 9
     9 00000002 00                     bResult db 0
    10                                 
    11 00000003 6842                   wVar1 dw 17000
    12 00000005 2823                   wVar2 dw 9000
    13 00000007 0000                   wResult dw 0
    14                                 
    15 00000009 40660301               dVar1 dd 17000000
    16 0000000D 40548900               dVar2 dd 9000000
    17 00000011 00000000               dResult dd 0
    18                                 
    19 00000015 80FE210A00000000       qVar1 dq 170000000
    20 0000001D 804A5D0500000000       qVar2 dq 90000000
    21 00000025 0000000000000000       qResult dq 0
    22                                 
    23                                 [section .text]
    24                                 [global _start]
    25                                 _start:
    26 00000000 8A0425[00000000]        mov al, byte [bVar1]
    27 00000007 020425[00000000]        add al, byte [bVar2]
    28 0000000E 880425[00000000]        mov byte [bResult], al
    29                                 
    30 00000015 668B0425[00000000]      mov ax, word [wVar1]
    31 0000001D 66030425[00000000]      add ax, word [wVar2]
    32 00000025 66890425[00000000]      mov word [wResult], ax
    33                                 
    34 0000002D 8B0425[00000000]        mov eax, dword [dVar1]
    35 00000034 030425[00000000]        add eax, dword [dVar2]
    36 0000003B 890425[00000000]        mov dword [dResult], eax
    37                                 
    38 00000042 488B0425[00000000]      mov rax, qword [qVar1]
    39 0000004A 48030425[00000000]      add rax, qword [qVar2]
    40 00000052 48890425[00000000]      mov qword [qResult], rax
    41                                 
    42                                 last:
    43 0000005A 48C7C03C000000          mov rax, SYS_exit
    44 00000061 48C7C700000000          mov rdi, EXIT_SUCCESS
    45 00000068 0F05                    syscall
